{
  "stats": {
    "suites": 1,
    "tests": 1,
    "passes": 1,
    "pending": 26,
    "failures": -26,
    "start": "2023-02-20T13:43:03.298Z",
    "end": "2023-02-20T13:43:21.867Z",
    "duration": 18569,
    "testsRegistered": 27,
    "passPercent": 100,
    "pendingPercent": 96.29629629629629,
    "other": 26,
    "hasOther": true,
    "skipped": 0,
    "hasSkipped": false
  },
  "results": [
    {
      "uuid": "2e0ee611-6bc3-421d-b5a8-dc086800636f",
      "title": "",
      "fullFile": "cypress\\integration\\marketplace\\Calendar.js",
      "file": "cypress\\integration\\marketplace\\Calendar.js",
      "beforeHooks": [],
      "afterHooks": [],
      "tests": [],
      "suites": [
        {
          "uuid": "408bbd9d-134f-402a-b91e-78264021fa75",
          "title": "calendar and schedule module validation",
          "fullFile": "",
          "file": "",
          "beforeHooks": [],
          "afterHooks": [],
          "tests": [
            {
              "title": "TC_title_01,Check whether user is able to enter text inside 'what' text field",
              "fullTitle": "calendar and schedule module validation TC_title_01,Check whether user is able to enter text inside 'what' text field",
              "timedOut": null,
              "duration": 0,
              "state": "pending",
              "speed": null,
              "pass": false,
              "fail": false,
              "pending": true,
              "context": null,
              "code": "calendar.get_create_schedule().click();\ncy.log(calendar.get_title().should('be.enabled') ? \"title field is enabled\" : \"title field is not enabled\");\ncy.log(calendar.get_title().type(\"testing\").should('have.value', \"testing\") ? \"user is able to enter text inside title field,testcase passed\" : \"user is not able to enter text inside title field,testcase failed\");",
              "err": {},
              "uuid": "9a1868d1-8b4e-401c-923f-ddb71751294c",
              "parentUUID": "408bbd9d-134f-402a-b91e-78264021fa75",
              "isHook": false,
              "skipped": false
            },
            {
              "title": "TC_title_02,Check whether user is able to see display message limit exceed after entering 1k+ characters",
              "fullTitle": "calendar and schedule module validation TC_title_02,Check whether user is able to see display message limit exceed after entering 1k+ characters",
              "timedOut": null,
              "duration": 0,
              "state": "pending",
              "speed": null,
              "pass": false,
              "fail": false,
              "pending": true,
              "context": null,
              "code": "calendar.get_create_schedule().click();\ncy.log(calendar.get_title().should('have.attr', 'maxlength', '200') ? \"unable to enter 1k+ characters as max limit is 200,tescase passed\" : \"able to enter 1k+ characters,tescase failed\");",
              "err": {},
              "uuid": "89c5713b-07fe-4fd2-b7dc-5694c950d827",
              "parentUUID": "408bbd9d-134f-402a-b91e-78264021fa75",
              "isHook": false,
              "skipped": false
            },
            {
              "title": "TC_title_03,Check whether user is able to enter limited characters inside 'title' text field",
              "fullTitle": "calendar and schedule module validation TC_title_03,Check whether user is able to enter limited characters inside 'title' text field",
              "timedOut": null,
              "duration": 0,
              "state": "pending",
              "speed": null,
              "pass": false,
              "fail": false,
              "pending": true,
              "context": null,
              "code": "calendar.get_create_schedule().click();\ncy.log(calendar.get_title().should('have.attr', 'maxlength', '200') ? \"unable to enter 1k+ characters as max limit is 200,tescase passed\" : \"able to enter 1k+ characters,tescase failed\");",
              "err": {},
              "uuid": "5306e5f3-d616-4ce6-96cc-9dd6c2df1739",
              "parentUUID": "408bbd9d-134f-402a-b91e-78264021fa75",
              "isHook": false,
              "skipped": false
            },
            {
              "title": "TC_title_04,Check whether 'title' text field is accepting characters",
              "fullTitle": "calendar and schedule module validation TC_title_04,Check whether 'title' text field is accepting characters",
              "timedOut": null,
              "duration": 0,
              "state": "pending",
              "speed": null,
              "pass": false,
              "fail": false,
              "pending": true,
              "context": null,
              "code": "calendar.get_create_schedule().click();\ncy.log(calendar.get_title().should('be.enabled') ? \"title field is enabled\" : \"title field is not enabled\");\ncy.log(calendar.get_title().type(\"testing\").should('have.value', \"testing\") ? \"title field is accepting characters,testcase passed\" : \"title field is not accepting characters,testcase failed\");",
              "err": {},
              "uuid": "6cd8e0de-9690-4410-81e0-0a01d3c8a967",
              "parentUUID": "408bbd9d-134f-402a-b91e-78264021fa75",
              "isHook": false,
              "skipped": false
            },
            {
              "title": "TC_title_05,Check whether 'title' text field is accepting numbers as first character",
              "fullTitle": "calendar and schedule module validation TC_title_05,Check whether 'title' text field is accepting numbers as first character",
              "timedOut": null,
              "duration": 0,
              "state": "pending",
              "speed": null,
              "pass": false,
              "fail": false,
              "pending": true,
              "context": null,
              "code": "calendar.get_create_schedule().click();\ncy.log(calendar.get_title().should('be.enabled') ? \"title field is enabled\" : \"title field is not enabled\");\ncy.log(calendar.get_title().type(\"1234\").should('have.value', \"1234\") ? \"title field is accepting numbers,testcase passed\" : \"title field is not accepting numbers,testcase failed\");",
              "err": {},
              "uuid": "c2e49d49-fc07-4673-a92c-86961a90af32",
              "parentUUID": "408bbd9d-134f-402a-b91e-78264021fa75",
              "isHook": false,
              "skipped": false
            },
            {
              "title": "TC_title_06,Check whether 'title' text field is accepting special characters",
              "fullTitle": "calendar and schedule module validation TC_title_06,Check whether 'title' text field is accepting special characters",
              "timedOut": null,
              "duration": 0,
              "state": "pending",
              "speed": null,
              "pass": false,
              "fail": false,
              "pending": true,
              "context": null,
              "code": "calendar.get_create_schedule().click();\ncy.log(calendar.get_title().should('be.enabled') ? \"title field is enabled\" : \"title field is not enabled\");\ncy.log(calendar.get_title().type(\"!@#\").should('have.value', \"!@#\") ? \"title field is accepting special characters,testcase passed\" : \"title field is not accepting special characters,testcase failed\");",
              "err": {},
              "uuid": "e6f62c2e-a517-42b1-af40-e9fd975c5ef2",
              "parentUUID": "408bbd9d-134f-402a-b91e-78264021fa75",
              "isHook": false,
              "skipped": false
            },
            {
              "title": "TC_title_07,Check whether 'title' text field is accepting alpha numeric characters",
              "fullTitle": "calendar and schedule module validation TC_title_07,Check whether 'title' text field is accepting alpha numeric characters",
              "timedOut": null,
              "duration": 0,
              "state": "pending",
              "speed": null,
              "pass": false,
              "fail": false,
              "pending": true,
              "context": null,
              "code": "calendar.get_create_schedule().click();\ncy.log(calendar.get_title().should('be.enabled') ? \"title field is enabled\" : \"title field is not enabled\");\ncy.log(calendar.get_title().type(\"abc123\").should('have.value', \"abc123\") ? \"title field is accepting alpha numeric characters,testcase passed\" : \"title field is not accepting alpha numeric characters,testcase failed\");",
              "err": {},
              "uuid": "0fbff8a6-fa06-4d69-a5b3-6e6e46143d01",
              "parentUUID": "408bbd9d-134f-402a-b91e-78264021fa75",
              "isHook": false,
              "skipped": false
            },
            {
              "title": "TC_description_08,Check whether user is able to enter text inside 'description' text field",
              "fullTitle": "calendar and schedule module validation TC_description_08,Check whether user is able to enter text inside 'description' text field",
              "timedOut": null,
              "duration": 0,
              "state": "pending",
              "speed": null,
              "pass": false,
              "fail": false,
              "pending": true,
              "context": null,
              "code": "calendar.get_create_schedule().click();\ncy.log(calendar.get_description().should('be.enabled') ? \"description field is enabled\" : \"description field is not enabled\");\ncy.log(calendar.get_description().type(\"testing\").should('have.value', \"testing\") ? \"user is able to enter text inside description field,testcase passed\" : \"user is not able to enter text inside description field,testcase failed\");",
              "err": {},
              "uuid": "68d5eacd-b1d9-4af6-9457-0b6cd5271406",
              "parentUUID": "408bbd9d-134f-402a-b91e-78264021fa75",
              "isHook": false,
              "skipped": false
            },
            {
              "title": "TC_description_09,Check whether user is able to see display message limit exceed after entering 1k+ characters",
              "fullTitle": "calendar and schedule module validation TC_description_09,Check whether user is able to see display message limit exceed after entering 1k+ characters",
              "timedOut": null,
              "duration": 0,
              "state": "pending",
              "speed": null,
              "pass": false,
              "fail": false,
              "pending": true,
              "context": null,
              "code": "calendar.get_create_schedule().click();\ncy.log(calendar.get_description().should('have.attr', 'maxlength', '1000') ? \"unable to enter 1k+ characters as max limit is 1000,tescase passed\" : \"able to enter 1k+ characters,tescase failed\");",
              "err": {},
              "uuid": "98ea781a-1907-4ae2-bb52-399ac4e696c4",
              "parentUUID": "408bbd9d-134f-402a-b91e-78264021fa75",
              "isHook": false,
              "skipped": false
            },
            {
              "title": "TC_description_10,Check whether user is able to enter limited characters inside 'description' text field",
              "fullTitle": "calendar and schedule module validation TC_description_10,Check whether user is able to enter limited characters inside 'description' text field",
              "timedOut": null,
              "duration": 0,
              "state": "pending",
              "speed": null,
              "pass": false,
              "fail": false,
              "pending": true,
              "context": null,
              "code": "calendar.get_create_schedule().click();\ncy.log(calendar.get_description().should('have.attr', 'maxlength', '1000') ? \"unable to enter 1k+ characters as max limit is 1000,tescase passed\" : \"able to enter 1k+ characters,tescase failed\");",
              "err": {},
              "uuid": "e9d1f5e5-faf4-4413-9d75-d5d5ab2a1cb6",
              "parentUUID": "408bbd9d-134f-402a-b91e-78264021fa75",
              "isHook": false,
              "skipped": false
            },
            {
              "title": "TC_description_11,Check whether 'description' text field is accepting characters",
              "fullTitle": "calendar and schedule module validation TC_description_11,Check whether 'description' text field is accepting characters",
              "timedOut": null,
              "duration": 0,
              "state": "pending",
              "speed": null,
              "pass": false,
              "fail": false,
              "pending": true,
              "context": null,
              "code": "calendar.get_create_schedule().click();\ncy.log(calendar.get_description().should('be.enabled') ? \"description field is enabled\" : \"description field is not enabled\");\ncy.log(calendar.get_description().type(\"testing\").should('have.value', \"testing\") ? \"description field is accepting characters,testcase passed\" : \"description field is not accepting characters,testcase failed\");",
              "err": {},
              "uuid": "66705e02-1ba3-4247-bd05-dcfc4a8aa899",
              "parentUUID": "408bbd9d-134f-402a-b91e-78264021fa75",
              "isHook": false,
              "skipped": false
            },
            {
              "title": "TC_description_12,Check whether 'description' text field is accepting numbers as first character",
              "fullTitle": "calendar and schedule module validation TC_description_12,Check whether 'description' text field is accepting numbers as first character",
              "timedOut": null,
              "duration": 0,
              "state": "pending",
              "speed": null,
              "pass": false,
              "fail": false,
              "pending": true,
              "context": null,
              "code": "calendar.get_create_schedule().click();\ncy.log(calendar.get_description().should('be.enabled') ? \"title field is enabled\" : \"title field is not enabled\");\ncy.log(calendar.get_description().type(\"1234\").should('have.value', \"1234\") ? \"description field is accepting numbers,testcase passed\" : \"description field is not accepting numbers,testcase failed\");",
              "err": {},
              "uuid": "33c92b96-9880-4b9e-b428-f4354e182c52",
              "parentUUID": "408bbd9d-134f-402a-b91e-78264021fa75",
              "isHook": false,
              "skipped": false
            },
            {
              "title": "TC_description_13,Check whether 'description' text field is accepting special characters",
              "fullTitle": "calendar and schedule module validation TC_description_13,Check whether 'description' text field is accepting special characters",
              "timedOut": null,
              "duration": 0,
              "state": "pending",
              "speed": null,
              "pass": false,
              "fail": false,
              "pending": true,
              "context": null,
              "code": "calendar.get_create_schedule().click();\ncy.log(calendar.get_description().should('be.enabled') ? \"description field is enabled\" : \"description field is not enabled\");\ncy.log(calendar.get_description().type(\"!@#\").should('have.value', \"!@#\") ? \"description field is accepting special characters,testcase passed\" : \"description field is not accepting special characters,testcase failed\");",
              "err": {},
              "uuid": "2f375eba-5690-4cf2-8388-0147947abf50",
              "parentUUID": "408bbd9d-134f-402a-b91e-78264021fa75",
              "isHook": false,
              "skipped": false
            },
            {
              "title": "TC_description_14,Check whether 'description' text field is accepting alpha numeric characters",
              "fullTitle": "calendar and schedule module validation TC_description_14,Check whether 'description' text field is accepting alpha numeric characters",
              "timedOut": null,
              "duration": 0,
              "state": "pending",
              "speed": null,
              "pass": false,
              "fail": false,
              "pending": true,
              "context": null,
              "code": "calendar.get_create_schedule().click();\ncy.log(calendar.get_description().should('be.enabled') ? \"description field is enabled\" : \"description field is not enabled\");\ncy.log(calendar.get_description().type(\"abc123\").should('have.value', \"abc123\") ? \"description field is accepting alpha numeric characters,testcase passed\" : \"description field is not accepting alpha numeric characters,testcase failed\");",
              "err": {},
              "uuid": "186fe327-41a3-43b8-ab4c-c010dc755878",
              "parentUUID": "408bbd9d-134f-402a-b91e-78264021fa75",
              "isHook": false,
              "skipped": false
            },
            {
              "title": "TC_where_15,Check whether user is able to enter text inside 'where' text field",
              "fullTitle": "calendar and schedule module validation TC_where_15,Check whether user is able to enter text inside 'where' text field",
              "timedOut": null,
              "duration": 0,
              "state": "pending",
              "speed": null,
              "pass": false,
              "fail": false,
              "pending": true,
              "context": null,
              "code": "calendar.get_create_schedule().click();\ncy.log(calendar.get_where().should('be.enabled') ? \"where field is enabled\" : \"where field is not enabled\");\ncy.log(calendar.get_description().type(\"testing\").should('have.value', \"testing\") ? \"user is able to enter text inside where field,testcase passed\" : \"user is not able to enter text inside where field,testcase failed\");",
              "err": {},
              "uuid": "04459c4b-c281-4ad2-a2fb-925b1a826c0c",
              "parentUUID": "408bbd9d-134f-402a-b91e-78264021fa75",
              "isHook": false,
              "skipped": false
            },
            {
              "title": "TC_where_16,Check whether user is able to see display message limit exceed after entering 1k+ characters",
              "fullTitle": "calendar and schedule module validation TC_where_16,Check whether user is able to see display message limit exceed after entering 1k+ characters",
              "timedOut": null,
              "duration": 0,
              "state": "pending",
              "speed": null,
              "pass": false,
              "fail": false,
              "pending": true,
              "context": null,
              "code": "calendar.get_create_schedule().click();\ncy.log(calendar.get_where().should('have.attr', 'maxlength', '200') ? \"unable to enter 1k+ characters as max limit is 200,tescase passed\" : \"able to enter 1k+ characters,tescase failed\");",
              "err": {},
              "uuid": "e290433f-5c07-4452-a9cb-d0f3226b2fa7",
              "parentUUID": "408bbd9d-134f-402a-b91e-78264021fa75",
              "isHook": false,
              "skipped": false
            },
            {
              "title": "TC_where_17,Check whether user is able to enter limited characters inside 'where' text field",
              "fullTitle": "calendar and schedule module validation TC_where_17,Check whether user is able to enter limited characters inside 'where' text field",
              "timedOut": null,
              "duration": 0,
              "state": "pending",
              "speed": null,
              "pass": false,
              "fail": false,
              "pending": true,
              "context": null,
              "code": "calendar.get_create_schedule().click();\ncy.log(calendar.get_where().should('have.attr', 'maxlength', '200') ? \"unable to enter 1k+ characters as max limit is 200,tescase passed\" : \"able to enter 1k+ characters,tescase failed\");",
              "err": {},
              "uuid": "beb4dca4-c839-4f2f-9f0c-2f1639eada85",
              "parentUUID": "408bbd9d-134f-402a-b91e-78264021fa75",
              "isHook": false,
              "skipped": false
            },
            {
              "title": "TC_where_18,Check whether 'where' text field is accepting characters",
              "fullTitle": "calendar and schedule module validation TC_where_18,Check whether 'where' text field is accepting characters",
              "timedOut": null,
              "duration": 0,
              "state": "pending",
              "speed": null,
              "pass": false,
              "fail": false,
              "pending": true,
              "context": null,
              "code": "calendar.get_create_schedule().click();\ncy.log(calendar.get_where().should('be.enabled') ? \"where field is enabled\" : \"where field is not enabled\");\ncalendar.get_where().clear();\ncy.log(calendar.get_where().type(\"testing\").should('have.value', \"testing\") ? \"where field is accepting characters,testcase passed\" : \"where field is not accepting characters,testcase failed\");",
              "err": {},
              "uuid": "92d5b348-cfa8-4677-bf13-a2896f42123f",
              "parentUUID": "408bbd9d-134f-402a-b91e-78264021fa75",
              "isHook": false,
              "skipped": false
            },
            {
              "title": "TC_where_19,Check whether 'where' text field is accepting numbers as first character",
              "fullTitle": "calendar and schedule module validation TC_where_19,Check whether 'where' text field is accepting numbers as first character",
              "timedOut": null,
              "duration": 0,
              "state": "pending",
              "speed": null,
              "pass": false,
              "fail": false,
              "pending": true,
              "context": null,
              "code": "calendar.get_create_schedule().click();\ncy.log(calendar.get_where().should('be.enabled') ? \"title field is enabled\" : \"title field is not enabled\");\ncalendar.get_where().clear();\ncy.log(calendar.get_where().type(\"1234\").should('have.value', \"1234\") ? \"where field is accepting numbers,testcase passed\" : \"where field is not accepting numbers,testcase failed\");",
              "err": {},
              "uuid": "e8667f10-ec23-4bb1-bdaa-89e845896eb2",
              "parentUUID": "408bbd9d-134f-402a-b91e-78264021fa75",
              "isHook": false,
              "skipped": false
            },
            {
              "title": "TC_where_20,Check whether 'where' text field is accepting special characters",
              "fullTitle": "calendar and schedule module validation TC_where_20,Check whether 'where' text field is accepting special characters",
              "timedOut": null,
              "duration": 0,
              "state": "pending",
              "speed": null,
              "pass": false,
              "fail": false,
              "pending": true,
              "context": null,
              "code": "calendar.get_create_schedule().click();\ncy.log(calendar.get_where().should('be.enabled') ? \"description field is enabled\" : \"description field is not enabled\");\ncalendar.get_where().clear();\ncy.log(calendar.get_where().type(\"!@#\").should('have.value', \"!@#\") ? \"where field is accepting special characters,testcase passed\" : \"where field is not accepting special characters,testcase failed\");",
              "err": {},
              "uuid": "1ae7a50b-1b0d-4310-bcc8-b540b0400562",
              "parentUUID": "408bbd9d-134f-402a-b91e-78264021fa75",
              "isHook": false,
              "skipped": false
            },
            {
              "title": "TC_where_21,Check whether 'where' text field is accepting alpha numeric characters",
              "fullTitle": "calendar and schedule module validation TC_where_21,Check whether 'where' text field is accepting alpha numeric characters",
              "timedOut": null,
              "duration": 0,
              "state": "pending",
              "speed": null,
              "pass": false,
              "fail": false,
              "pending": true,
              "context": null,
              "code": "calendar.get_create_schedule().click();\ncy.log(calendar.get_where().should('be.enabled') ? \"where field is enabled\" : \"where field is not enabled\");\ncalendar.get_where().clear();\ncy.log(calendar.get_where().type(\"abc123\").should('have.value', \"abc123\") ? \"where field is accepting alpha numeric characters,testcase passed\" : \"where field is not accepting alpha numeric characters,testcase failed\");",
              "err": {},
              "uuid": "2944a707-3c40-45b1-8842-9ab2e88e682d",
              "parentUUID": "408bbd9d-134f-402a-b91e-78264021fa75",
              "isHook": false,
              "skipped": false
            },
            {
              "title": "TC_Type_22,Check whether user is able to select and unselect radio buttons",
              "fullTitle": "calendar and schedule module validation TC_Type_22,Check whether user is able to select and unselect radio buttons",
              "timedOut": null,
              "duration": 0,
              "state": "pending",
              "speed": null,
              "pass": false,
              "fail": false,
              "pending": true,
              "context": null,
              "code": "calendar.get_create_schedule().click();\nif (cy.log(calendar.get_private().check('private/personal') ? \"'private/personal' radio button is enabled and selectable\" : \"'private/personal' radio button is not enabled and not selectable\") && cy.log(calendar.get_work().check('work/travel') ? \"'work/travel' radio button is enabled and selectable\" : \"'work/travel' radio button is not enabled and not selectable\")) {\n  cy.log(\"radio buttons under 'type as' working fine,testcase passed\");\n} else {\n  cy.log(\"radio buttons under 'type as' not working,testcase failed\");\n}",
              "err": {},
              "uuid": "b0143e24-ef24-4774-82e9-702b152bd324",
              "parentUUID": "408bbd9d-134f-402a-b91e-78264021fa75",
              "isHook": false,
              "skipped": false
            },
            {
              "title": "TC_Pin_as_23,Check whether user is able to select and unselect radio buttons",
              "fullTitle": "calendar and schedule module validation TC_Pin_as_23,Check whether user is able to select and unselect radio buttons",
              "timedOut": null,
              "duration": 0,
              "state": "pending",
              "speed": null,
              "pass": false,
              "fail": false,
              "pending": true,
              "context": null,
              "code": "calendar.get_create_schedule().click();\nif (cy.log(calendar.get_pin_as().check('on') ? \"'pin_as' radio button is enabled and selectable\" : \"'pin_as' radio button is not enabled and not selectable\")) {\n  cy.log(\"radio button under 'pin_as' working fine,testcase passed\");\n} else {\n  cy.log(\"radio button under 'pin_as' not working,testcase failed\");\n}",
              "err": {},
              "uuid": "73a81e38-db64-4088-a0d3-e62f65310b11",
              "parentUUID": "408bbd9d-134f-402a-b91e-78264021fa75",
              "isHook": false,
              "skipped": false
            },
            {
              "title": "TC_Date_24,Check whether user is able to select date and time",
              "fullTitle": "calendar and schedule module validation TC_Date_24,Check whether user is able to select date and time",
              "timedOut": null,
              "duration": 0,
              "state": "pending",
              "speed": null,
              "pass": false,
              "fail": false,
              "pending": true,
              "context": null,
              "code": "calendar.get_create_schedule().click();\ncalendar.get_from().click();\ncalendar.get_date_selection().click();\ncalendar.get_year().click();\ncalendar.get_month().click();\ncalendar.get_add_hour().click();\ncalendar.get_add_hour().click();\ncalendar.get_hour_minute().click();\ncalendar.get_set_button().click();\ncy.wait(2000);\ncalendar.get_to().click();\ncalendar.get_date_selection().click();\ncalendar.get_year().click();\ncalendar.get_month().click();\ncalendar.get_add_hour().click();\ncalendar.get_add_hour().click();\ncalendar.get_hour_minute().click();\ncalendar.get_set_button().click();",
              "err": {},
              "uuid": "af330efa-0f56-4214-ae1c-44f0941bc3c8",
              "parentUUID": "408bbd9d-134f-402a-b91e-78264021fa75",
              "isHook": false,
              "skipped": false
            },
            {
              "title": "TC_use_my_default_25,Check whether user is able to select and unselect radio buttons",
              "fullTitle": "calendar and schedule module validation TC_use_my_default_25,Check whether user is able to select and unselect radio buttons",
              "timedOut": null,
              "duration": 0,
              "state": "pending",
              "speed": null,
              "pass": false,
              "fail": false,
              "pending": true,
              "context": null,
              "code": "calendar.get_create_schedule().click();\nif (cy.log(calendar.get_use_my_default().check('defaultTerms') ? \"'get_use_my_default' radio button is enabled and selectable\" : \"'get_use_my_default' radio button is not enabled and not selectable\")) {\n  cy.log(\"radio button under 'get_use_my_default' working fine,testcase passed\");\n} else {\n  cy.log(\"radio button under 'get_use_my_default' not working,testcase failed\");\n}",
              "err": {},
              "uuid": "bc4066b8-3590-4b7f-8e3e-055a6abebe84",
              "parentUUID": "408bbd9d-134f-402a-b91e-78264021fa75",
              "isHook": false,
              "skipped": false
            },
            {
              "title": "TC_reset_27,Check whether user is able to reset fields",
              "fullTitle": "calendar and schedule module validation TC_reset_27,Check whether user is able to reset fields",
              "timedOut": null,
              "duration": 0,
              "state": "pending",
              "speed": null,
              "pass": false,
              "fail": false,
              "pending": true,
              "context": null,
              "code": "calendar.get_create_schedule().click();\ncalendar.get_title().type(\"testing\");\ncalendar.get_description().type(\"testing\");\ncalendar.get_where().type(\"pune\");\ncalendar.get_from().click();\ncalendar.get_date_selection().click();\ncalendar.get_year().click();\ncalendar.get_month().click();\ncalendar.get_add_hour().click();\ncalendar.get_add_hour().click();\ncalendar.get_hour_minute().click();\ncalendar.get_set_button().click();\ncy.wait(2000);\ncalendar.get_to().click();\ncalendar.get_date_selection().click();\ncalendar.get_year().click();\ncalendar.get_month().click();\ncalendar.get_add_hour().click();\ncalendar.get_add_hour().click();\ncalendar.get_hour_minute().click();\ncalendar.get_set_button().click();\ncalendar.get_pin_as().click();\ncalendar.get_reset().click();\nif (calendar.get_title().should('be.empty') && calendar.get_description().should('be.empty') && calendar.get_where().should('be.empty')) {\n  cy.log(\"reset button is working fine,testcase passed\");\n} else {\n  cy.log(\"reset button is not working fine,testcase failed\");\n}",
              "err": {},
              "uuid": "a3df9ff6-2c35-473b-8264-110f3e0655a3",
              "parentUUID": "408bbd9d-134f-402a-b91e-78264021fa75",
              "isHook": false,
              "skipped": false
            },
            {
              "title": "TC_add_to_my_schedule_28,Check whether user is able to add details to the schedule",
              "fullTitle": "calendar and schedule module validation TC_add_to_my_schedule_28,Check whether user is able to add details to the schedule",
              "timedOut": null,
              "duration": 16773,
              "state": "passed",
              "speed": "slow",
              "pass": true,
              "fail": false,
              "pending": false,
              "context": null,
              "code": "calendar.get_create_schedule().click();\ncalendar.get_title().type(\"testing\");\ncalendar.get_description().type(\"testing\");\ncalendar.get_where().type(\"pune\");\ncalendar.get_from().click();\ncalendar.get_date_selection().click();\ncalendar.get_year().click();\ncalendar.get_month().click();\ncalendar.get_add_hour().click();\ncalendar.get_add_hour().click();\ncalendar.get_hour_minute().click();\ncalendar.get_set_button().click();\ncy.wait(2000);\ncalendar.get_to().click();\ncalendar.get_date_selection().click();\ncalendar.get_year().click();\ncalendar.get_month().click();\ncalendar.get_add_hour().click();\ncalendar.get_add_hour().click();\ncalendar.get_hour_minute().click();\ncalendar.get_set_button().click();\ncalendar.get_pin_as().click();\ncalendar.get_work().click();\ncalendar.get_use_my_default().click();\ncalendar.get_add_to_my_schedule().click();",
              "err": {},
              "uuid": "ada9a3bb-1281-4559-8e64-be047804666f",
              "parentUUID": "408bbd9d-134f-402a-b91e-78264021fa75",
              "isHook": false,
              "skipped": false
            }
          ],
          "suites": [],
          "passes": [
            "ada9a3bb-1281-4559-8e64-be047804666f"
          ],
          "failures": [],
          "pending": [
            "9a1868d1-8b4e-401c-923f-ddb71751294c",
            "89c5713b-07fe-4fd2-b7dc-5694c950d827",
            "5306e5f3-d616-4ce6-96cc-9dd6c2df1739",
            "6cd8e0de-9690-4410-81e0-0a01d3c8a967",
            "c2e49d49-fc07-4673-a92c-86961a90af32",
            "e6f62c2e-a517-42b1-af40-e9fd975c5ef2",
            "0fbff8a6-fa06-4d69-a5b3-6e6e46143d01",
            "68d5eacd-b1d9-4af6-9457-0b6cd5271406",
            "98ea781a-1907-4ae2-bb52-399ac4e696c4",
            "e9d1f5e5-faf4-4413-9d75-d5d5ab2a1cb6",
            "66705e02-1ba3-4247-bd05-dcfc4a8aa899",
            "33c92b96-9880-4b9e-b428-f4354e182c52",
            "2f375eba-5690-4cf2-8388-0147947abf50",
            "186fe327-41a3-43b8-ab4c-c010dc755878",
            "04459c4b-c281-4ad2-a2fb-925b1a826c0c",
            "e290433f-5c07-4452-a9cb-d0f3226b2fa7",
            "beb4dca4-c839-4f2f-9f0c-2f1639eada85",
            "92d5b348-cfa8-4677-bf13-a2896f42123f",
            "e8667f10-ec23-4bb1-bdaa-89e845896eb2",
            "1ae7a50b-1b0d-4310-bcc8-b540b0400562",
            "2944a707-3c40-45b1-8842-9ab2e88e682d",
            "b0143e24-ef24-4774-82e9-702b152bd324",
            "73a81e38-db64-4088-a0d3-e62f65310b11",
            "af330efa-0f56-4214-ae1c-44f0941bc3c8",
            "bc4066b8-3590-4b7f-8e3e-055a6abebe84",
            "a3df9ff6-2c35-473b-8264-110f3e0655a3"
          ],
          "skipped": [],
          "duration": 16773,
          "root": false,
          "rootEmpty": false,
          "_timeout": 2000
        }
      ],
      "passes": [],
      "failures": [],
      "pending": [],
      "skipped": [],
      "duration": 0,
      "root": true,
      "rootEmpty": true,
      "_timeout": 2000
    }
  ],
  "meta": {
    "mocha": {
      "version": "7.0.1"
    },
    "mochawesome": {
      "options": {
        "quiet": false,
        "reportFilename": "mochawesome",
        "saveHtml": false,
        "saveJson": true,
        "consoleReporter": "spec",
        "useInlineDiffs": false,
        "code": true
      },
      "version": "7.1.3"
    },
    "marge": {
      "options": {
        "overwrite": false,
        "html": false,
        "json": true,
        "reportDir": "cypress\\reports\\html\\.jsons"
      },
      "version": "6.2.0"
    }
  }
}